[debug] [2025-11-26T08:02:04.825Z] ----------------------------------------------------------------------
[debug] [2025-11-26T08:02:04.829Z] Command:       C:\Program Files\nodejs\node.exe C:\Users\Tripsatify\AppData\Roaming\npm\node_modules\firebase-tools\lib\bin\firebase.js init
[debug] [2025-11-26T08:02:04.829Z] CLI Version:   14.9.0
[debug] [2025-11-26T08:02:04.829Z] Platform:      win32
[debug] [2025-11-26T08:02:04.829Z] Node Version:  v22.19.0
[debug] [2025-11-26T08:02:04.829Z] Time:          Wed Nov 26 2025 14:02:04 GMT+0600 (Bangladesh Standard Time)
[debug] [2025-11-26T08:02:04.830Z] ----------------------------------------------------------------------
[debug] 
[debug] [2025-11-26T08:02:05.036Z] > command requires scopes: ["email","openid","https://www.googleapis.com/auth/cloudplatformprojects.readonly","https://www.googleapis.com/auth/firebase","https://www.googleapis.com/auth/cloud-platform"]
[debug] [2025-11-26T08:02:05.037Z] > authorizing via signed-in user (webdevwithrasel36july@gmail.com)
[info] 
     ######## #### ########  ######## ########     ###     ######  ########
     ##        ##  ##     ## ##       ##     ##  ##   ##  ##       ##
     ######    ##  ########  ######   ########  #########  ######  ######
     ##        ##  ##    ##  ##       ##     ## ##     ##       ## ##
     ##       #### ##     ## ######## ########  ##     ##  ######  ########

You're about to initialize a Firebase project in this directory:

  E:\GreenMart\greenmartnext

Before we get started, keep in mind:

  * You are initializing within an existing Firebase project directory

[info] 
=== Project Setup
[info] 
[info] First, let's associate this project directory with a Firebase project.
[info] You can create multiple project aliases by running firebase use --add, 
[info] but for now we'll just set up a default project.
[info] 
[debug] [2025-11-26T08:02:17.669Z] Using project from CLI flag: greenmart-app
[debug] [2025-11-26T08:02:17.670Z] Checked if tokens are valid: false, expires at: 1764084463877
[debug] [2025-11-26T08:02:17.670Z] Checked if tokens are valid: false, expires at: 1764084463877
[debug] [2025-11-26T08:02:17.671Z] > refreshing access token with scopes: []
[debug] [2025-11-26T08:02:17.673Z] >>> [apiv2][query] POST https://www.googleapis.com/oauth2/v3/token [none]
[debug] [2025-11-26T08:02:17.673Z] >>> [apiv2][body] POST https://www.googleapis.com/oauth2/v3/token [omitted]
[debug] [2025-11-26T08:02:18.037Z] <<< [apiv2][status] POST https://www.googleapis.com/oauth2/v3/token 200
[debug] [2025-11-26T08:02:18.037Z] <<< [apiv2][body] POST https://www.googleapis.com/oauth2/v3/token [omitted]
[debug] [2025-11-26T08:02:18.056Z] >>> [apiv2][query] GET https://firebase.googleapis.com/v1beta1/projects/greenmart-app [none]
[debug] [2025-11-26T08:02:18.762Z] <<< [apiv2][status] GET https://firebase.googleapis.com/v1beta1/projects/greenmart-app 200
[debug] [2025-11-26T08:02:18.763Z] <<< [apiv2][body] GET https://firebase.googleapis.com/v1beta1/projects/greenmart-app {"projectId":"greenmart-app","projectNumber":"139062062557","displayName":"GreenMart-App","name":"projects/greenmart-app","resources":{"hostingSite":"greenmart-app"},"state":"ACTIVE","etag":"1_3f6b5e3e-d9b1-44bc-8edd-47ead615133a"}
[info] i  Using project greenmart-app (GreenMart-App) 
[info] 
=== Hosting Setup
[debug] [2025-11-26T08:02:18.782Z] Checked if tokens are valid: true, expires at: 1764147736038
[debug] [2025-11-26T08:02:18.782Z] Checked if tokens are valid: true, expires at: 1764147736038
[debug] [2025-11-26T08:02:18.783Z] >>> [apiv2][query] GET https://firebase.googleapis.com/v1beta1/projects/greenmart-app [none]
[debug] [2025-11-26T08:02:19.204Z] <<< [apiv2][status] GET https://firebase.googleapis.com/v1beta1/projects/greenmart-app 200
[debug] [2025-11-26T08:02:19.205Z] <<< [apiv2][body] GET https://firebase.googleapis.com/v1beta1/projects/greenmart-app {"projectId":"greenmart-app","projectNumber":"139062062557","displayName":"GreenMart-App","name":"projects/greenmart-app","resources":{"hostingSite":"greenmart-app"},"state":"ACTIVE","etag":"1_3f6b5e3e-d9b1-44bc-8edd-47ead615133a"}
[info] 
[info] Your public directory is the folder (relative to your project directory) that
[info] will contain Hosting assets to be uploaded with firebase deploy. If you
[info] have a build process for your assets, use your build's output directory.
[info] 
[debug] [2025-11-26T08:02:46.894Z] ExitPromptError: User force closed the prompt with SIGINT
    at Interface.sigint (C:\Users\Tripsatify\AppData\Roaming\npm\node_modules\firebase-tools\node_modules\@inquirer\core\dist\commonjs\lib\create-prompt.js:101:37)
    at Interface.emit (node:events:519:28)
    at Interface.emit (node:domain:489:12)
    at [_ttyWrite] [as _ttyWrite] (node:internal/readline/interface:1132:18)
    at ReadStream.onkeypress (node:internal/readline/interface:271:20)
    at ReadStream.emit (node:events:531:35)
    at ReadStream.emit (node:domain:489:12)
    at emitKeys (node:internal/readline/utils:370:14)
    at emitKeys.next (<anonymous>)
    at ReadStream.onData (node:internal/readline/emitKeypressEvents:64:36)
[error] 
[error] Error: An unexpected error has occurred.
